2024.06.22 19:59:47 WARN  Flyway upgrade recommended: H2 2.2.224 is newer than this version of Flyway and support has not been tested. The latest supported version of H2 is 2.2.220.
2024.06.22 19:59:47 INFO  no build target found for C:\Users\USER\Downloads\Scala-Lab-session-2\Q1.scala. Using presentation compiler with project's scala-library version: 3.3.3
2024.06.22 19:59:47 INFO  no build target found for C:\Users\USER\Downloads\Scala-Lab-session-2\Q1.scala. Using presentation compiler with project's scala-library version: 3.3.3
2024.06.22 19:59:53 INFO  Shutting down server
2024.06.22 19:59:53 INFO  shutting down Metals
2024.06.22 19:59:53 INFO  Exiting server
2024.06.22 20:00:16 INFO  Started: Metals version 1.3.2 in folders 'C:\Users\USER\Downloads\Scala-Lab-session-2' for client Visual Studio Code 1.90.2.
SLF4J(W): Class path contains multiple SLF4J providers.
SLF4J(W): Found provider [scribe.slf4j.ScribeServiceProvider@58ef0c72]
SLF4J(W): Found provider [ch.qos.logback.classic.spi.LogbackServiceProvider@745c7ae]
SLF4J(W): See https://www.slf4j.org/codes.html#multiple_bindings for an explanation.
SLF4J(I): Actual provider is of type [scribe.slf4j.ScribeServiceProvider@58ef0c72]
2024.06.22 20:00:16 WARN  Flyway upgrade recommended: H2 2.2.224 is newer than this version of Flyway and support has not been tested. The latest supported version of H2 is 2.2.220.
2024.06.22 20:00:18 INFO  no build target found for C:\Users\USER\Downloads\Scala-Lab-session-2\Q1.scala. Using presentation compiler with project's scala-library version: 3.3.3
2024.06.22 20:00:33 INFO  Running List(C:\Users\USER\AppData\Local\Coursier\data\bin\scala-cli.BAT, setup-ide, C:\Users\USER\Downloads\Scala-Lab-session-2)
2024.06.22 20:00:33 INFO  Attempting to connect to the build server...
2024.06.22 20:00:33 INFO  Running BSP server List(C:\Users\USER\AppData\Local\Coursier\data\bin\.scala-cli.aux.exe, bsp, --json-options, C:\Users\USER\Downloads\Scala-Lab-session-2\.scala-build\ide-options-v2.json, --json-launcher-options, C:\Users\USER\Downloads\Scala-Lab-session-2\.scala-build\ide-launcher-options.json, --envs-file, C:\Users\USER\Downloads\Scala-Lab-session-2\.scala-build\ide-envs.json, C:\Users\USER\Downloads\Scala-Lab-session-2)
2024.06.22 20:00:33 INFO  tracing is disabled for protocol BSP, to enable tracing of incoming and outgoing JSON messages create an empty file at C:\Users\USER\Downloads\Scala-Lab-session-2\.metals\bsp.trace.json or C:\Users\USER\AppData\Local\scalameta\metals\cache\bsp.trace.json
2024.06.22 20:00:36 INFO  time: Connected to build server in 3.26s
2024.06.22 20:00:36 INFO  Connected to Build server: scala-cli v1.3.2
2024.06.22 20:00:37 INFO  compiling scala-lab-session-2_f4dd477a3a (1 scala source)
2024.06.22 20:00:37 INFO  time: compiled Scala-Lab-session-2_f4dd477a3a in 0.79s
2024.06.22 20:00:40 INFO  time: indexed workspace in 3.76s
